<?xml version="1.0" encoding="UTF-8"?>
<!-- Generated by org.testng.reporters.JUnitReportReporter -->
<testsuite hostname="Sowji" failures="0" tests="4" name="TestNG.Groups" time="11.215" errors="0" timestamp="2024-06-13T20:21:36 BST" skipped="0">
  <testcase classname="TestNG.Groups" name="openapp" time="4.076"/>
  <system-out/>
  <testcase classname="TestNG.Groups" name="Login" time="6.547"/>
  <system-out/>
  <testcase classname="TestNG.Groups" name="search" time="0.003"/>
  <system-out/>
  <testcase classname="TestNG.Groups" name="closeApp" time="0.589"/>
  <system-out/>
</testsuite> <!-- TestNG.Groups -->
