<?xml version="1.0" encoding="UTF-8"?>
<!-- Generated by org.testng.reporters.JUnitReportReporter -->
<testsuite hostname="Sowji" failures="0" tests="1" name="TestNG.Annotationandpriority" time="4.111" errors="0" timestamp="2024-06-12T11:02:10 BST" skipped="0">
  <testcase classname="TestNG.Annotationandpriority" name="openapp" time="4.111"/>
  <system-out/>
</testsuite> <!-- TestNG.Annotationandpriority -->
